<?xml version="1.0" encoding="UTF-8"?>
<!-- Generated by org.testng.reporters.JUnitReportReporter -->
<testsuite hostname="DESKTOP-KO4RCQ7" failures="0" tests="1" name="testngProject.Methods" time="11.508" errors="0" timestamp="2023-06-28T12:23:50 IST" skipped="0">
  <testcase classname="testngProject.Methods" name="method1" time="11.508"/>
  <system-out/>
</testsuite> <!-- testngProject.Methods -->
